2024-06-21 11:28:33,552 - log.logger - INFO - Route accessed: /add_staff
2024-06-21 11:28:33,552 - log.logger - INFO - Method: POST
2024-06-21 11:28:33,553 - log.logger - INFO - Args: ImmutableMultiDict([])
2024-06-21 11:28:33,557 - log.logger - INFO - Form: ImmutableMultiDict([])
2024-06-21 11:28:33,559 - log.logger - INFO - JSON: {'new': '', 'staff_id': 's6', 'staff_name': 'wenjin', 'department': 'computer', 'salary': '3500', 'phone_number': '11111111111'}
2024-06-21 11:28:56,027 - log.logger - INFO - Route accessed: /add_staff
2024-06-21 11:28:56,028 - log.logger - INFO - Method: POST
2024-06-21 11:28:56,029 - log.logger - INFO - Args: ImmutableMultiDict([])
2024-06-21 11:28:56,030 - log.logger - INFO - Form: ImmutableMultiDict([])
2024-06-21 11:28:56,031 - log.logger - INFO - JSON: {'new': '', 'staff_id': 's6', 'staff_name': 'wenjin', 'department': 'purchase', 'salary': '3500', 'phone_number': '11111111111'}
2024-06-21 11:28:56,035 - log.logger - INFO - Response: {'code': 200, 'msg': '添加成功', 'data': None}
2024-06-21 11:40:31,387 - log.logger - INFO - Route accessed: /delete_client
2024-06-21 11:40:31,387 - log.logger - INFO - Method: DELETE
2024-06-21 11:40:31,388 - log.logger - INFO - Args: ImmutableMultiDict([('client_id', 'c8')])
2024-06-21 11:40:31,391 - log.logger - INFO - Form: ImmutableMultiDict([])
2024-06-21 11:41:08,383 - log.logger - INFO - Route accessed: /delete_client
2024-06-21 11:41:08,384 - log.logger - INFO - Method: DELETE
2024-06-21 11:41:08,384 - log.logger - INFO - Args: ImmutableMultiDict([('client_id', 'c8')])
2024-06-21 11:41:08,387 - log.logger - INFO - Form: ImmutableMultiDict([])
2024-06-21 11:43:39,178 - log.logger - INFO - Route accessed: /delete_client
2024-06-21 11:43:39,179 - log.logger - INFO - Method: DELETE
2024-06-21 11:43:39,180 - log.logger - INFO - Args: ImmutableMultiDict([('client_id', 'c8')])
2024-06-21 11:43:39,182 - log.logger - INFO - Form: ImmutableMultiDict([])
2024-06-21 11:43:39,190 - log.logger - INFO - Response: {'code': 200, 'msg': '删除成功', 'data': None}
2024-06-21 11:44:39,126 - log.logger - INFO - Route accessed: /all_client
2024-06-21 11:44:39,127 - log.logger - INFO - Method: GET
2024-06-21 11:44:39,127 - log.logger - INFO - Args: ImmutableMultiDict([])
2024-06-21 11:44:39,240 - log.logger - INFO - Response: {'code': 200, 'msg': '查询成功', 'data': [{'client_id': 'c1', 'client_name': '张三', 'phone_number': '15023456789', 'address': '重庆市'}, {'client_id': 'c2', 'client_name': '李四', 'phone_number': '13987654321', 'address': '上海市'}, {'client_id': 'c3', 'client_name': '王五', 'phone_number': '13212345678', 'address': '广州市'}, {'client_id': 'c4', 'client_name': '赵六', 'phone_number': '18665432109', 'address': '深圳市'}, {'client_id': 'c5', 'client_name': '孙七', 'phone_number': '13598761234', 'address': '成都市'}, {'client_id': 'c6', 'client_name': 'mooo', 'phone_number': '1111111111', 'address': 'sysu'}, {'client_id': 'c7', 'client_name': 'wenjin', 'phone_number': '22222222222', 'address': 'cmu'}]}
2024-06-21 11:45:43,628 - log.logger - INFO - Route accessed: /all_purchase
2024-06-21 11:45:43,632 - log.logger - INFO - Method: GET
2024-06-21 11:45:43,634 - log.logger - INFO - Args: ImmutableMultiDict([])
2024-06-21 11:45:43,681 - log.logger - INFO - Response: {'code': 200, 'msg': '查询成功', 'data': [{'purchase_id': 'p1', 'goods_id': 'g1', 'staff_id': 's1', 'purchase_price': Decimal('5.00'), 'purchase_num': 210, 'purchase_amount': Decimal('1050.00'), 'purchase_date': datetime.date(2023, 3, 1)}, {'purchase_id': 'p2', 'goods_id': 'g2', 'staff_id': 's2', 'purchase_price': Decimal('8.00'), 'purchase_num': 150, 'purchase_amount': Decimal('1200.00'), 'purchase_date': datetime.date(2023, 4, 1)}, {'purchase_id': 'p3', 'goods_id': 'g3', 'staff_id': 's3', 'purchase_price': Decimal('6.50'), 'purchase_num': 180, 'purchase_amount': Decimal('1170.00'), 'purchase_date': datetime.date(2023, 5, 1)}, {'purchase_id': 'p4', 'goods_id': 'g4', 'staff_id': 's4', 'purchase_price': Decimal('12.00'), 'purchase_num': 120, 'purchase_amount': Decimal('1440.00'), 'purchase_date': datetime.date(2023, 6, 1)}, {'purchase_id': 'p5', 'goods_id': 'g5', 'staff_id': 's5', 'purchase_price': Decimal('15.00'), 'purchase_num': 100, 'purchase_amount': Decimal('1500.00'), 'purchase_date': datetime.date(2023, 7, 1)}]}
2024-06-21 11:45:44,854 - log.logger - INFO - Route accessed: /all_sale
2024-06-21 11:45:44,856 - log.logger - INFO - Method: GET
2024-06-21 11:45:44,905 - log.logger - INFO - Args: ImmutableMultiDict([])
2024-06-21 11:45:44,912 - log.logger - INFO - Response: {'code': 200, 'msg': '查询成功', 'data': [{'sale_id': 'sa1', 'client_id': 'c1', 'goods_id': 'g1', 'sale_price': Decimal('7.00'), 'sale_num': 110, 'sale_amount': Decimal('770.00'), 'sale_date': datetime.date(2023, 4, 1)}, {'sale_id': 'sa2', 'client_id': 'c2', 'goods_id': 'g2', 'sale_price': Decimal('10.00'), 'sale_num': 80, 'sale_amount': Decimal('800.00'), 'sale_date': datetime.date(2023, 5, 1)}, {'sale_id': 'sa3', 'client_id': 'c3', 'goods_id': 'g3', 'sale_price': Decimal('9.00'), 'sale_num': 100, 'sale_amount': Decimal('900.00'), 'sale_date': datetime.date(2023, 6, 1)}, {'sale_id': 'sa4', 'client_id': 'c4', 'goods_id': 'g4', 'sale_price': Decimal('14.00'), 'sale_num': 90, 'sale_amount': Decimal('1260.00'), 'sale_date': datetime.date(2023, 7, 1)}, {'sale_id': 'sa5', 'client_id': 'c5', 'goods_id': 'g5', 'sale_price': Decimal('18.00'), 'sale_num': 70, 'sale_amount': Decimal('1260.00'), 'sale_date': datetime.date(2023, 8, 1)}]}
2024-06-21 11:45:46,201 - log.logger - INFO - Route accessed: /all_client
2024-06-21 11:45:46,207 - log.logger - INFO - Method: GET
2024-06-21 11:45:46,211 - log.logger - INFO - Args: ImmutableMultiDict([])
2024-06-21 11:45:46,215 - log.logger - INFO - Response: {'code': 200, 'msg': '查询成功', 'data': [{'client_id': 'c1', 'client_name': '张三', 'phone_number': '15023456789', 'address': '重庆市'}, {'client_id': 'c2', 'client_name': '李四', 'phone_number': '13987654321', 'address': '上海市'}, {'client_id': 'c3', 'client_name': '王五', 'phone_number': '13212345678', 'address': '广州市'}, {'client_id': 'c4', 'client_name': '赵六', 'phone_number': '18665432109', 'address': '深圳市'}, {'client_id': 'c5', 'client_name': '孙七', 'phone_number': '13598761234', 'address': '成都市'}, {'client_id': 'c6', 'client_name': 'mooo', 'phone_number': '1111111111', 'address': 'sysu'}, {'client_id': 'c7', 'client_name': 'wenjin', 'phone_number': '22222222222', 'address': 'cmu'}]}
2024-06-21 11:45:47,052 - log.logger - INFO - Route accessed: /all_goods
2024-06-21 11:45:47,056 - log.logger - INFO - Method: GET
2024-06-21 11:45:47,060 - log.logger - INFO - Args: ImmutableMultiDict([])
2024-06-21 11:45:47,064 - log.logger - INFO - Response: {'code': 200, 'msg': '查询成功', 'data': [{'goods_id': 'g1', 'goods_name': '香蕉', 'goods_num': 200}, {'goods_id': 'g2', 'goods_name': '西瓜', 'goods_num': 70}, {'goods_id': 'g3', 'goods_name': '橙子', 'goods_num': 80}, {'goods_id': 'g4', 'goods_name': '菠萝', 'goods_num': 30}, {'goods_id': 'g5', 'goods_name': '草莓', 'goods_num': 30}, {'goods_id': 'g9', 'goods_name': '中山大学特供水果', 'goods_num': 100}]}
